<?xml version="1.0" encoding="UTF-8"?>
<!-- Generated by org.testng.reporters.JUnitXMLReporter -->
<testsuite hostname="BSL-BNG-L143" name="SBNetLoginTest_Win81Safari" tests="1" failures="0" timestamp="13 Mar 2017 11:29:23 GMT" time="0.045" errors="0">
  <testcase name="@BeforeMethod setUp" time="0.0" classname="com.browserstack.SBNetLoginTest">
    <failure type="java.lang.NullPointerException">
      <![CDATA[java.lang.NullPointerException
	at com.browserstack.BrowserStackTestNGTest.setUp(BrowserStackTestNGTest.java:55)
	at java.util.concurrent.FutureTask.run(FutureTask.java:266)
	at java.util.concurrent.ThreadPoolExecutor.runWorker(ThreadPoolExecutor.java:1142)
	at java.util.concurrent.ThreadPoolExecutor$Worker.run(ThreadPoolExecutor.java:617)
	at java.lang.Thread.run(Thread.java:745)
... Removed 18 stack frames]]>
    </failure>
  </testcase> <!-- @BeforeMethod setUp -->
  <testcase name="@AfterMethod tearDown" time="0.0" classname="com.browserstack.SBNetLoginTest">
    <failure type="java.lang.NullPointerException">
      <![CDATA[java.lang.NullPointerException
	at com.browserstack.BrowserStackTestNGTest.tearDown(BrowserStackTestNGTest.java:97)
	at java.util.concurrent.FutureTask.run(FutureTask.java:266)
	at java.util.concurrent.ThreadPoolExecutor.runWorker(ThreadPoolExecutor.java:1142)
	at java.util.concurrent.ThreadPoolExecutor$Worker.run(ThreadPoolExecutor.java:617)
	at java.lang.Thread.run(Thread.java:745)
... Removed 18 stack frames]]>
    </failure>
  </testcase> <!-- @AfterMethod tearDown -->
  <testcase name="loginTest" time="0.002" classname="com.browserstack.SBNetLoginTest">
    <skipped/>
  </testcase> <!-- loginTest -->
</testsuite> <!-- SBNetLoginTest_Win81Safari -->
